{"level":"error","message":{"codigo":500,"descripcion":"Error getById()","detalle":{"kind":"ObjectId","message":"Cast to ObjectId failed for value \"44a88abfc13ae6e030e2b54\" (type string) at path \"_id\" for model \"products\"","name":"CastError","path":"_id","reason":{},"stringValue":"\"44a88abfc13ae6e030e2b54\"","value":"44a88abfc13ae6e030e2b54","valueType":"string"}}}
{"level":"error","message":{"codigo":500,"descripcion":"Error getById()","detalle":{"kind":"ObjectId","message":"Cast to ObjectId failed for value \"id:44a88abfc13ae6e030e2b54\" (type string) at path \"_id\" for model \"products\"","name":"CastError","path":"_id","reason":{},"stringValue":"\"id:44a88abfc13ae6e030e2b54\"","value":"id:44a88abfc13ae6e030e2b54","valueType":"string"}}}
{"level":"error","message":{"codigo":500,"descripcion":"Error getById()","detalle":{"kind":"ObjectId","message":"Cast to ObjectId failed for value \"id:644a88abfc13ae6e030e2b54\" (type string) at path \"_id\" for model \"products\"","name":"CastError","path":"_id","reason":{},"stringValue":"\"id:644a88abfc13ae6e030e2b54\"","value":"id:644a88abfc13ae6e030e2b54","valueType":"string"}}}
{"level":"error","message":{"codigo":500,"descripcion":"Error update()","detalle":{"kind":"ObjectId","message":"Cast to ObjectId failed for value \"{\n  product: 'Ice - Clear, 250 Lb For Carving',\n  category: 'Industrial',\n  price: 4892.2,\n  description: 'Curabitur in libero ut massa volutpat convallis. Morbi odio odio, elementum eu, interdum eu, tincidunt in, leo. Maecenas pulvinar lobortis est.',\n  thumbnail: 'http://dummyimage.com/1000x1000.png/cc0000/ffffff'\n}\" (type Object) at path \"_id\" for model \"products\"","name":"CastError","path":"_id","reason":{},"stringValue":"\"{\n  product: 'Ice - Clear, 250 Lb For Carving',\n  category: 'Industrial',\n  price: 4892.2,\n  description: 'Curabitur in libero ut massa volutpat convallis. Morbi odio odio, elementum eu, interdum eu, tincidunt in, leo. Maecenas pulvinar lobortis est.',\n  thumbnail: 'http://dummyimage.com/1000x1000.png/cc0000/ffffff'\n}\"","value":{"category":"Industrial","description":"Curabitur in libero ut massa volutpat convallis. Morbi odio odio, elementum eu, interdum eu, tincidunt in, leo. Maecenas pulvinar lobortis est.","price":4892.2,"product":"Ice - Clear, 250 Lb For Carving","thumbnail":"http://dummyimage.com/1000x1000.png/cc0000/ffffff"},"valueType":"Object"}}}
{"level":"error","message":{"codigo":500,"descripcion":"Error update()","detalle":{}}}
{"level":"error","message":{"codigo":500,"descripcion":"Error update()","detalle":{}}}
{"level":"error","message":{"codigo":500,"descripcion":"Error getById()","detalle":{"kind":"ObjectId","message":"Cast to ObjectId failed for value \"leandro@gmail.com\" (type string) at path \"_id\" for model \"carts\"","name":"CastError","path":"_id","reason":{},"stringValue":"\"leandro@gmail.com\"","value":"leandro@gmail.com","valueType":"string"}}}
{"level":"error","message":{"codigo":500,"descripcion":"Error getById()","detalle":{"kind":"ObjectId","message":"Cast to ObjectId failed for value \"undefined\" (type string) at path \"_id\" for model \"products\"","name":"CastError","path":"_id","reason":{},"stringValue":"\"undefined\"","value":"undefined","valueType":"string"}}}
{"level":"error","message":{"codigo":500,"descripcion":"Error getById()","detalle":{"kind":"ObjectId","message":"Cast to ObjectId failed for value \"undefined\" (type string) at path \"_id\" for model \"products\"","name":"CastError","path":"_id","reason":{},"stringValue":"\"undefined\"","value":"undefined","valueType":"string"}}}
{"level":"error","message":{"codigo":500,"descripcion":"Error getById()","detalle":{"kind":"ObjectId","message":"Cast to ObjectId failed for value \"undefined\" (type string) at path \"_id\" for model \"products\"","name":"CastError","path":"_id","reason":{},"stringValue":"\"undefined\"","value":"undefined","valueType":"string"}}}
{"level":"error","message":{"codigo":500,"descripcion":"Error getById()","detalle":{"kind":"ObjectId","message":"Cast to ObjectId failed for value \"undefined\" (type string) at path \"_id\" for model \"products\"","name":"CastError","path":"_id","reason":{},"stringValue":"\"undefined\"","value":"undefined","valueType":"string"}}}
{"level":"error","message":{"codigo":500,"descripcion":"Error getById()","detalle":{"kind":"ObjectId","message":"Cast to ObjectId failed for value \"undefined\" (type string) at path \"_id\" for model \"products\"","name":"CastError","path":"_id","reason":{},"stringValue":"\"undefined\"","value":"undefined","valueType":"string"}}}
{"level":"error","message":{"codigo":500,"descripcion":"Error getById()","detalle":{"kind":"ObjectId","message":"Cast to ObjectId failed for value \"undefined\" (type string) at path \"_id\" for model \"products\"","name":"CastError","path":"_id","reason":{},"stringValue":"\"undefined\"","value":"undefined","valueType":"string"}}}
{"level":"error","message":{"codigo":500,"descripcion":"Error getById()","detalle":{"kind":"ObjectId","message":"Cast to ObjectId failed for value \"undefined\" (type string) at path \"_id\" for model \"products\"","name":"CastError","path":"_id","reason":{},"stringValue":"\"undefined\"","value":"undefined","valueType":"string"}}}
{"level":"error","message":{"codigo":500,"descripcion":"Error getById()","detalle":{"kind":"ObjectId","message":"Cast to ObjectId failed for value \"undefined\" (type string) at path \"_id\" for model \"products\"","name":"CastError","path":"_id","reason":{},"stringValue":"\"undefined\"","value":"undefined","valueType":"string"}}}
{"level":"error","message":{"codigo":500,"descripcion":"Error getById()","detalle":{"kind":"ObjectId","message":"Cast to ObjectId failed for value \"undefined\" (type string) at path \"_id\" for model \"products\"","name":"CastError","path":"_id","reason":{},"stringValue":"\"undefined\"","value":"undefined","valueType":"string"}}}
{"level":"error","message":{"codigo":500,"descripcion":"Error getById()","detalle":{"kind":"ObjectId","message":"Cast to ObjectId failed for value \"undefined\" (type string) at path \"_id\" for model \"products\"","name":"CastError","path":"_id","reason":{},"stringValue":"\"undefined\"","value":"undefined","valueType":"string"}}}
{"level":"error","message":{"codigo":500,"descripcion":"Error getById()","detalle":{"kind":"ObjectId","message":"Cast to ObjectId failed for value \"undefined\" (type string) at path \"_id\" for model \"products\"","name":"CastError","path":"_id","reason":{},"stringValue":"\"undefined\"","value":"undefined","valueType":"string"}}}
{"level":"error","message":{"codigo":500,"descripcion":"Error getById()","detalle":{"kind":"ObjectId","message":"Cast to ObjectId failed for value \"undefined\" (type string) at path \"_id\" for model \"products\"","name":"CastError","path":"_id","reason":{},"stringValue":"\"undefined\"","value":"undefined","valueType":"string"}}}
{"level":"error","message":{"codigo":500,"descripcion":"Error getById()","detalle":{"kind":"ObjectId","message":"Cast to ObjectId failed for value \"undefined\" (type string) at path \"_id\" for model \"products\"","name":"CastError","path":"_id","reason":{},"stringValue":"\"undefined\"","value":"undefined","valueType":"string"}}}
{"level":"error","message":{"codigo":500,"descripcion":"Error save()","detalle":{"modifiedPaths":["email","adress","date","items","_id","__v"],"version":0}}}
{"level":"error","message":{"codigo":500,"descripcion":"Error update()","detalle":{"codigo":500,"descripcion":"Error save()","detalle":{"modifiedPaths":["email","adress","date","items","_id","__v"],"version":0}}}}
{"level":"error","message":{"codigo":500,"descripcion":"Error save()","detalle":{"modifiedPaths":["email","adress","date","items","_id","__v"],"version":0}}}
{"level":"error","message":{"codigo":500,"descripcion":"Error update()","detalle":{"codigo":500,"descripcion":"Error save()","detalle":{"modifiedPaths":["email","adress","date","items","_id","__v"],"version":0}}}}
{"level":"error","message":{"codigo":500,"descripcion":"Error update()","detalle":{}}}
{"level":"error","message":{"codigo":500,"descripcion":"Error getById()","detalle":{"kind":"ObjectId","message":"Cast to ObjectId failed for value \"leandro@gmail.com\" (type string) at path \"_id\" for model \"carts\"","name":"CastError","path":"_id","reason":{},"stringValue":"\"leandro@gmail.com\"","value":"leandro@gmail.com","valueType":"string"}}}
{"level":"error","message":{"codigo":500,"descripcion":"Error getById()","detalle":{"kind":"ObjectId","message":"Cast to ObjectId failed for value \"undefined\" (type string) at path \"_id\" for model \"products\"","name":"CastError","path":"_id","reason":{},"stringValue":"\"undefined\"","value":"undefined","valueType":"string"}}}
{"level":"error","message":{"codigo":500,"descripcion":"Error getById()","detalle":{"kind":"ObjectId","message":"Cast to ObjectId failed for value \"undefined\" (type string) at path \"_id\" for model \"products\"","name":"CastError","path":"_id","reason":{},"stringValue":"\"undefined\"","value":"undefined","valueType":"string"}}}
{"level":"error","message":{"codigo":500,"descripcion":"Error getById()","detalle":{"kind":"ObjectId","message":"Cast to ObjectId failed for value \"undefined\" (type string) at path \"_id\" for model \"products\"","name":"CastError","path":"_id","reason":{},"stringValue":"\"undefined\"","value":"undefined","valueType":"string"}}}
{"level":"error","message":{"codigo":500,"descripcion":"Error getById()","detalle":{"kind":"ObjectId","message":"Cast to ObjectId failed for value \"undefined\" (type string) at path \"_id\" for model \"products\"","name":"CastError","path":"_id","reason":{},"stringValue":"\"undefined\"","value":"undefined","valueType":"string"}}}
{"level":"error","message":{"codigo":500,"descripcion":"Error getById()","detalle":{"kind":"ObjectId","message":"Cast to ObjectId failed for value \"undefined\" (type string) at path \"_id\" for model \"products\"","name":"CastError","path":"_id","reason":{},"stringValue":"\"undefined\"","value":"undefined","valueType":"string"}}}
{"level":"error","message":{"codigo":500,"descripcion":"Error getById()","detalle":{"kind":"ObjectId","message":"Cast to ObjectId failed for value \"undefined\" (type string) at path \"_id\" for model \"products\"","name":"CastError","path":"_id","reason":{},"stringValue":"\"undefined\"","value":"undefined","valueType":"string"}}}
{"level":"error","message":{"codigo":500,"descripcion":"Error getById()","detalle":{"kind":"ObjectId","message":"Cast to ObjectId failed for value \"undefined\" (type string) at path \"_id\" for model \"products\"","name":"CastError","path":"_id","reason":{},"stringValue":"\"undefined\"","value":"undefined","valueType":"string"}}}
{"level":"error","message":{"codigo":500,"descripcion":"Error getById()","detalle":{"kind":"ObjectId","message":"Cast to ObjectId failed for value \"undefined\" (type string) at path \"_id\" for model \"products\"","name":"CastError","path":"_id","reason":{},"stringValue":"\"undefined\"","value":"undefined","valueType":"string"}}}
{"level":"error","message":{"codigo":500,"descripcion":"Error getById()","detalle":{"kind":"ObjectId","message":"Cast to ObjectId failed for value \"undefined\" (type string) at path \"_id\" for model \"products\"","name":"CastError","path":"_id","reason":{},"stringValue":"\"undefined\"","value":"undefined","valueType":"string"}}}
{"level":"error","message":{"codigo":500,"descripcion":"Error getById()","detalle":{}}}
{"level":"error","message":{"codigo":500,"descripcion":"Error update()","detalle":{}}}
{"level":"error","message":{"codigo":500,"descripcion":"Error save()","detalle":{"_message":"orders validation failed","errors":{"adress":{"kind":"required","message":"Path `adress` is required.","name":"ValidatorError","path":"adress","properties":{"message":"Path `adress` is required.","path":"adress","type":"required"}},"stata":{"kind":"required","message":"Path `stata` is required.","name":"ValidatorError","path":"stata","properties":{"message":"Path `stata` is required.","path":"stata","type":"required"}}},"message":"orders validation failed: stata: Path `stata` is required., adress: Path `adress` is required.","name":"ValidationError"}}}
{"level":"error","message":{"codigo":500,"descripcion":"Error save()","detalle":{"_message":"orders validation failed","errors":{"adress":{"kind":"required","message":"Path `adress` is required.","name":"ValidatorError","path":"adress","properties":{"message":"Path `adress` is required.","path":"adress","type":"required"}},"stata":{"kind":"required","message":"Path `stata` is required.","name":"ValidatorError","path":"stata","properties":{"message":"Path `stata` is required.","path":"stata","type":"required"}}},"message":"orders validation failed: stata: Path `stata` is required., adress: Path `adress` is required.","name":"ValidationError"}}}
{"level":"error","message":{"codigo":500,"descripcion":"Error save()","detalle":{"_message":"orders validation failed","errors":{"adress":{"kind":"required","message":"Path `adress` is required.","name":"ValidatorError","path":"adress","properties":{"message":"Path `adress` is required.","path":"adress","type":"required"}},"stata":{"kind":"required","message":"Path `stata` is required.","name":"ValidatorError","path":"stata","properties":{"message":"Path `stata` is required.","path":"stata","type":"required"}}},"message":"orders validation failed: stata: Path `stata` is required., adress: Path `adress` is required.","name":"ValidationError"}}}
{"level":"error","message":{"codigo":500,"descripcion":"Error save()","detalle":{"_message":"orders validation failed","errors":{"stata":{"kind":"required","message":"Path `stata` is required.","name":"ValidatorError","path":"stata","properties":{"message":"Path `stata` is required.","path":"stata","type":"required"}}},"message":"orders validation failed: stata: Path `stata` is required.","name":"ValidationError"}}}
{"level":"error","message":{"codigo":500,"descripcion":"Error save()","detalle":{}}}
{"level":"error","message":{"codigo":500,"descripcion":"Error save()","detalle":{}}}
{"level":"error","message":{"codigo":500,"descripcion":"Error save()","detalle":{}}}
{"level":"error","message":{"codigo":500,"descripcion":"Error save()","detalle":{}}}
{"level":"error","message":{"codigo":500,"descripcion":"Error getAll()","detalle":{}}}
{"level":"error","message":{"codigo":500,"descripcion":"Error getAll()","detalle":{}}}
{"level":"error","message":{"codigo":500,"descripcion":"Error getAll()","detalle":{}}}
{"level":"error","message":{"codigo":500,"descripcion":"Error getAll()","detalle":{}}}
{"level":"error","message":{"codigo":500,"descripcion":"Error getAll()","detalle":{}}}
{"level":"error","message":{"codigo":500,"descripcion":"Error getAll()","detalle":{}}}
{"level":"error","message":{"codigo":500,"descripcion":"Error getAll()","detalle":{}}}
{"level":"error","message":{"codigo":500,"descripcion":"Error getAll()","detalle":{}}}
{"level":"error","message":{"codigo":500,"descripcion":"Error getAll()","detalle":{}}}
{"level":"error","message":{"codigo":500,"descripcion":"Error getAll()","detalle":{}}}
{"level":"error","message":{"codigo":500,"descripcion":"Error getAll()","detalle":{}}}
{"level":"error","message":{"codigo":500,"descripcion":"Error getAll()","detalle":{}}}
{"level":"error","message":{"codigo":500,"descripcion":"Error getAll()","detalle":{}}}
{"level":"error","message":{"codigo":500,"descripcion":"Error getAll()","detalle":{}}}
{"level":"error","message":{"codigo":500,"descripcion":"Error getAll()","detalle":{}}}
{"level":"error","message":{"codigo":500,"descripcion":"Error getAll()","detalle":{}}}
{"level":"error","message":{"codigo":500,"descripcion":"Error getAll()","detalle":{}}}
{"level":"error","message":{"codigo":500,"descripcion":"Error getAll()","detalle":{}}}
{"level":"error","message":{"codigo":500,"descripcion":"Error getAll()","detalle":{}}}
{"level":"error","message":{"codigo":500,"descripcion":"Error getAll()","detalle":{}}}
{"level":"error","message":{"codigo":500,"descripcion":"Error getAll()","detalle":{}}}
{"level":"error","message":{"codigo":500,"descripcion":"Error getAll()","detalle":{}}}
{"level":"error","message":{"codigo":500,"descripcion":"Error getAll()","detalle":{}}}
{"level":"error","message":{"codigo":500,"descripcion":"Error getAll()","detalle":{}}}
{"level":"error","message":{"codigo":500,"descripcion":"Error getAll()","detalle":{}}}
{"level":"error","message":{"codigo":500,"descripcion":"Error getAll()","detalle":{}}}
{"level":"error","message":{"codigo":500,"descripcion":"Error getAll()","detalle":{}}}
{"level":"error","message":{"codigo":500,"descripcion":"Error getAll()","detalle":{}}}
{"level":"error","message":{"codigo":500,"descripcion":"Error getAll()","detalle":{}}}
{"level":"error","message":{"codigo":500,"descripcion":"Error getAll()","detalle":{}}}
{"level":"error","message":{"codigo":500,"descripcion":"Error getAll()","detalle":{}}}
{"level":"error","message":{"codigo":500,"descripcion":"Error getAll()","detalle":{}}}
{"level":"error","message":{"codigo":500,"descripcion":"Error getAll()","detalle":{}}}
{"level":"error","message":{"codigo":500,"descripcion":"Error getAll()","detalle":{}}}
{"level":"error","message":{"codigo":500,"descripcion":"Error getAll()","detalle":{}}}
{"level":"error","message":{"codigo":500,"descripcion":"Error getAll()","detalle":{}}}
{"level":"error","message":{"codigo":500,"descripcion":"Error getAll()","detalle":{}}}
{"level":"error","message":{"codigo":500,"descripcion":"Error getAll()","detalle":{}}}
{"level":"error","message":{"codigo":500,"descripcion":"Error getAll()","detalle":{}}}
{"level":"error","message":{"codigo":500,"descripcion":"Error getAll()","detalle":{}}}
{"level":"error","message":{"codigo":500,"descripcion":"Error getAll()","detalle":{}}}
{"level":"error","message":{"codigo":500,"descripcion":"Error getAll()","detalle":{}}}
{"level":"error","message":{"codigo":500,"descripcion":"Error getAll()","detalle":{}}}
{"level":"error","message":{"codigo":500,"descripcion":"Error getAll()","detalle":{}}}
{"level":"error","message":{"codigo":500,"descripcion":"Error getAll()","detalle":{}}}
{"level":"error","message":{"codigo":500,"descripcion":"Error getAll()","detalle":{}}}
{"level":"error","message":{"codigo":500,"descripcion":"Error getAll()","detalle":{}}}
{"level":"error","message":{"codigo":500,"descripcion":"Error getAll()","detalle":{}}}
{"level":"error","message":{"codigo":500,"descripcion":"Error getAll()","detalle":{}}}
{"level":"error","message":{"codigo":500,"descripcion":"Error getAll()","detalle":{}}}
{"level":"error","message":{"codigo":500,"descripcion":"Error getAll()","detalle":{}}}
{"level":"error","message":{"codigo":500,"descripcion":"Error getAll()","detalle":{}}}
{"level":"error","message":{"codigo":500,"descripcion":"Error getAll()","detalle":{}}}
{"level":"error","message":{"codigo":500,"descripcion":"Error getAll()","detalle":{}}}
{"level":"error","message":{"codigo":500,"descripcion":"Error getAll()","detalle":{}}}
{"level":"error","message":{"codigo":500,"descripcion":"Error getAll()","detalle":{}}}
{"level":"error","message":{"codigo":500,"descripcion":"Error save()","detalle":{"_message":"orders validation failed","errors":{"adress":{"kind":"required","message":"Path `adress` is required.","name":"ValidatorError","path":"adress","properties":{"message":"Path `adress` is required.","path":"adress","type":"required"}}},"message":"orders validation failed: adress: Path `adress` is required.","name":"ValidationError"}}}
